{"name":"Diana","date":"2020-06-29"}
{"name":"Diana Tosca","date":"2020-07-09"}
{"name":"Diana Tosca","date":"2020-07-09"}
{"name":"Diana","date":"2020-07-09"}
{"name":"Diana","date":"2020-07-09"}
{"name":"Diana Tosca","date":"2020-07-09"}
{"name":"Diana Tosca","date":"2020-07-09"}
{"name":"Diana Tosca","date":"2020-07-09"}
{"name":"Georgia Gnome","date":"2020-07-09"}
{"name":"Georgia Gnome","date":"2020-07-09"}
{"name":"Georgia Gnome","date":"2020-07-09"}
{"name":"Georgia Gnome","date":"2020-07-09"}
{"name":"Georgia Gnome","date":"2020-07-09"}
{"name":"Georgia Gnome","date":"2020-07-09"}
{"name":"Georgia Gnome","date":"2020-07-10"}
{"name":"Georgia Gnome","date":"2020-07-10"}
{"name":"Georgia Gnome","date":"2020-07-23"}
{"name":"Georgia Gnome","date":"2020-07-23"}
{"name":"Georgia Gnome","date":"2020-07-23"}
{"name":"Georgia Gnome","date":"2020-07-23"}
{"name":"Georgia Gnome","date":"2020-07-27"}
{"name":"Georgia Gnome","date":"2020-07-27"}
{"name":"Georgia Gnome","date":"2020-07-27"}
{"name":"Georgia Gnome","date":"2020-07-27"}
{"name":"Georgia Gnome","date":"2020-07-27"}
{"name":"Georgia Gnome","date":"2020-07-27"}
{"name":"Georgia Gnome","date":"2020-07-27"}
{"name":"Georgia Gnome","date":"2020-07-27"}
{"name":"Georgia Gnome","date":"2020-07-27"}
{"name":"Georgia Gnome","date":"2020-07-28"}
{"name":"Georgia Gnome","date":"2020-07-28"}
{"name":"Georgia Gnome","date":"2020-07-28"}
{"name":"Georgia Gnome","date":"2020-07-28"}
{"name":"Georgia Gnome","date":"2020-07-28"}
{"name":"Georgia Gnome","date":"2020-07-28"}
{"name":"Georgia Gnome","date":"2020-07-28"}
{"name":"Georgia Gnome","date":"2020-07-28"}
{"name":"Georgia Gnome","date":"2020-08-06"}
{"name":"","date":""}
{"name":"","date":"2020-08-04"}
{"name":"Georgia Gnome","date":"2020-08-10"}
{"name":"Georgia Gnome","date":"2020-08-09"}
{"name":"Georgia","date":"2020-08-10"}
{"name":"Gnome","date":"2020-08-10"}
{"name":"Hazel","date":"2020-08-10"}
{"name":"Georgia","date":"2020-08-11"}
{"name":"Georgia Gnome","date":"2020-08-17"}
{"name":"Diana","date":"2020-08-10"}
{"name":"Milagros ","date":"2020-08-24"}
{"name":"First","date":"2020-08-10"}
{"name":"Vidal","date":"2020-08-10"}
{"name":"Olive","date":"2020-08-09"}
{"name":"Georgies","date":"2020-08-09"}
{"name":"Pacienca","date":"2020-08-24"}
{"name":"Query ","date":"2020-08-10"}
{"name":"Grease Lightning","date":"2020-08-10"}
{"name":"GeorgiaGnome","date":"2020-08-10"}
{"name":"Georgia","date":"2020-08-10"}
{"name":"Georgies","date":"2020-08-11"}
{"name":"Georgia","date":"2020-08-10"}
{"name":"Diana Tosca","date":"2020-08-11"}
{"name":"dtosca@wellesley.edu","date":"2020-08-11"}
{"name":"Banana","date":"2020-08-11"}
{"name":"Georgia Gnome","date":"2020-08-11"}
{"name":"Georgia Gnome","date":"2020-08-10"}
{"name":"Georgia Gnome","date":"2020-08-10"}
{"name":"Hazel Bolivar","date":"2020-08-11"}
{"name":"Georgia Gnome","date":"2020-08-11"}
{"name":"Georgia Gnome","date":"2020-08-11"}
{"name":"Georgia Gnome","date":"2020-08-11"}
{"name":"Hazul Bolivar","date":"2020-08-11"}
{"name":"Hazul Bolivar","date":"2020-08-11"}
{"name":"Hazul Bolivar","date":"2020-08-11"}
{"name":"Hazil Bolivar","date":"1996-05-12"}
{"name":"Hazil Bolivar","date":"1996-05-12"}
{"name":"Hazul Bolivar","date":"2020-08-11"}
{"name":"Hazol Bolivar","date":"2020-08-11"}
{"name":"Hazol Bolivar","date":"2020-08-11"}
{"name":"Diana Tosca","date":"2020-08-11"}
{"name":"Diana Tosca","date":"2020-08-11"}
{"name":"Georgia Gnome","date":"2020-08-10"}
{"name":"Georgia Gnome","date":"2020-08-11"}
{"name":"Georgia Gnome","date":"2020-08-11"}
{"name":"Hazeel Bolivar","date":"2020-08-11"}
{"name":"Diana","date":"2020-08-11"}
{"name":"Diana","date":"2020-08-11"}
{"name":"Diana","date":"2020-08-11"}
{"name":"Diana","date":"2020-08-11"}
{"name":"Diana","date":"2020-08-11"}
{"name":"Diana","date":"2020-08-11"}
{"name":"Georgia","date":"2020-08-11"}
{"name":"Georgia","date":"2020-08-11"}
{"name":"Georgia","date":"2020-08-11"}
{"name":"Georgia","date":"2020-08-11"}
{"name":"Georgia","date":"2020-08-10"}
{"name":"Diana Tosca","date":"2020-08-10"}
{"name":"Hazul Bolivar","date":"2020-08-11"}
{"name":"Hazul Bolivar","date":"2020-08-11"}
{"name":"Hazul Bolivar","date":"2020-08-10"}
{"name":"Georgia","date":"2020-08-11"}
{"name":"Hazul Bolivar","date":"2020-08-12"}
{"name":"Georgia Gnome","date":"2020-08-10"}
{"name":"Georgia","date":"2020-08-10"}
{"name":"Georgia","date":"2020-08-10"}
{"name":"Georgia","date":"2020-08-10"}
{"name":"Wendy Wellesley","date":"2020-08-12"}
{"name":"Wellesley Wendy","date":"2020-08-12"}
{"name":"Georgia Gnome","date":"2020-08-12"}
{"name":"Hazul Bolivar","date":"2020-08-14"}
{"name":"Georgia","date":"2020-08-14"}
{"name":"Hazul Bolivar","date":"2020-08-14"}
{"name":"Georgia Gnome","date":"2020-08-15"}
{"name":"Hazul Bolivar","date":"2020-08-15"}
{"name":"Hazul Bolivar","date":"2020-08-15"}
{"name":"Hazul Bolivar","date":"2020-08-15"}
{"name":"Diana","date":"2020-08-15"}
{"name":"Hazul Bolivar","date":"2020-08-15"}
{"name":"Hazul Bolivar","date":"2020-08-15"}
{"name":"Hazul Bolivar","date":"2020-08-14"}
{"name":"Diana","date":"2020-08-15"}
{"name":"Georgia","date":"2020-08-15"}
{"name":"Georgia Gnome","date":"2020-08-15"}
{"name":"Hazil Boleevar","date":"2020-08-27"}
{"name":"Hazil Boluvar","date":"2020-08-27"}
{"name":"Georgia Gnome","date":"2020-08-28"}
{"name":"Hazeel Boleevur","date":"2020-08-28"}
{"name":"Diana","date":"2020-08-27"}
{"name":"Diana Toscaaaa","date":"2020-08-28"}
{"name":"Hazulll Bolivar","date":"2020-08-28"}
{"name":"Diana","date":"2020-08-25"}
{"name":"Georgia","date":"2020-08-11"}
{"name":"Diana","date":"2020-08-26"}
{"name":"Hazul Bolivar","date":"2020-08-18"}
{"name":"Diana","date":"2020-08-13"}
{"name":"Georgia","date":"2020-08-26"}
{"name":"Georgia Gnome","date":"2020-08-28"}
{"name":"Georgiaa","date":"2020-08-28"}
{"name":"Hazul Bolivar","date":"2020-09-09"}
{"name":"Georgia Gnome","date":"2020-09-02"}
{"name":"Diana","date":"2020-09-10"}
{"name":"Diana","date":"2020-09-22"}
{"name":"Georgia","date":"2020-11-06"}
{"name":"Hazul Bolivar","date":"2020-11-06"}
{"name":"Dayanuh","date":"2020-11-06"}
{"name":"Marktholomew","date":"2020-11-13"}
{"name":"Marktholomew","date":"2020-11-13"}
